<?xml version="1.0" encoding="UTF-8"?>
<!-- Generated by org.testng.reporters.JUnitReportReporter -->
<testsuite hostname="MSI" failures="0" tests="1" name="testRunner.Runner" time="59.119" errors="0" timestamp="2025-05-30T01:04:23 IST" skipped="0">
  <testcase classname="testRunner.Runner" name="runScenario" time="59.119"/>
</testsuite> <!-- testRunner.Runner -->
